Arguments: 
  /Users/aronbeal/.nvm/versions/node/v16.14.2/bin/node /Users/aronbeal/.node/corepack/yarn/1.22.15/bin/yarn.js

PATH: 
  /Users/aronbeal/.nvm/versions/node/v16.14.2/bin:/Applications/Android Studio.app/Contents/jre/jdk/Contents/Home/bin::/usr/local/Cellar:/usr/local/bin:/usr/local/sbin:/Users/aronbeal/.composer/vendor/bin:/Users/aronbeal/.symfony/bin:/usr/local/sbin:/usr/sbin:/sbin:/usr/bin:/bin:/Users/aronbeal/bin:./vendor/bin:/Users/aronbeal/.npm-packages/bin:/Users/aronbeal/.rvm/bin::/Users/aronbeal/Library/Android/sdk/platform-tools:/Users/aronbeal/.rvm/gems/ruby-2.3.0/bin:/Users/aronbeal/Library/Python/3.8/bin:/Users/aronbeal/Library/Python/2.7/bin:/Users/aronbeal/Sites/hottomali/gists:/Users/aronbeal/.nodebrew/current/bin:/Applications/Android Studio.app/Contents/gradle/gradle-5.1.1//bin:/usr/local/opt/mysql-client/bin

Yarn version: 
  1.22.15

Node version: 
  16.14.2

Platform: 
  darwin x64

Trace: 
  Error: ENOENT: no such file or directory, copyfile '/Users/aronbeal/Library/Caches/Yarn/v6/npm-color-convert-1.9.3-bb71850690e1f136567de629d2d5471deda4c1e8-integrity/node_modules/color-convert/CHANGELOG.md' -> '/Users/aronbeal/Code/postman-utils/node_modules/google-closure-compiler/node_modules/color-convert/CHANGELOG.md'

npm manifest: 
  {
    "name": "postman-utils",
    "version": "2.0.0",
    "private": true,
    "description": "A set of utilities for working with Swagger projects via Postman.",
    "watch": {
      "build": {
        "patterns": [
          "src"
        ],
        "extensions": "ts",
        "quiet": true
      }
    },
    "scripts": {
      "clean": "rm -rf ./built && rm -rf ./coverage",
      "prebuild": "npm run clean",
      "build": "webpack",
      "serve": "node serve.js",
      "watch": "npm-watch",
      "test": "nyc ./node_modules/.bin/_mocha 'test/**/*.test.ts'"
    },
    "repository": {
      "type": "git",
      "url": "git+https://github.com/abeal-hottomali/postman-utils.git"
    },
    "author": "Aron Beal <aron.beal.biz@gmail.com>",
    "license": "ISC",
    "bugs": {
      "url": "https://github.com/abeal-hottomali/postman-utils/issues"
    },
    "homepage": "https://github.com/abeal-hottomali/postman-utils#readme",
    "devDependencies": {
      "@istanbuljs/nyc-config-typescript": "^1.0.2",
      "@testdeck/mocha": "^0.2.0",
      "@tsconfig/node16": "^1.0.2",
      "@types/google-closure-compiler": "^0.0.19",
      "@types/node": "*",
      "chai": "^4.3.6",
      "google-closure-compiler": "^20220405.0.0",
      "mocha": "^9.2.2",
      "npm-watch": "^0.11.0",
      "nyc": "^15.1.0",
      "source-map-support": "^0.5.21",
      "ts-loader": "^9.2.8",
      "ts-mockito": "^2.6.1",
      "ts-node": "^10.7.0",
      "tsconfig-paths": "^3.14.1",
      "typescript": "^4.7.0-dev.20220402",
      "webpack": "^5.72.0",
      "webpack-cli": "^4.9.2"
    }
  }

yarn manifest: 
  No manifest

Lockfile: 
  No lockfile
